2025-09-25 20:43:59 [main] INFO  Reusable.Utilities - Gold Price: The price of gold in India today is ₹11,444 per gram for 24 karat gold, ₹10,490 per gram for 22 karat gold and ₹8,583 per gram for 18 karat gold (also called 999 gold).
2025-09-25 21:01:25 [main] INFO  Reusable.Utilities - Gold Price: The price of gold in India today is ₹11,444 per gram for 24 karat gold, ₹10,490 per gram for 22 karat gold and ₹8,583 per gram for 18 karat gold (also called 999 gold).
2025-09-25 21:01:25 [main] INFO  Reusable.Utilities - Current Date: 
2025-09-25 21:02:58 [main] INFO  Reusable.Utilities - Gold Price: The price of gold in India today is ₹11,444 per gram for 24 karat gold, ₹10,490 per gram for 22 karat gold and ₹8,583 per gram for 18 karat gold (also called 999 gold).
2025-09-25 21:02:58 [main] INFO  Reusable.Utilities - Current Date: 
2025-09-25 21:03:33 [main] INFO  Reusable.Utilities - Gold Price: The price of gold in India today is ₹11,444 per gram for 24 karat gold, ₹10,490 per gram for 22 karat gold and ₹8,583 per gram for 18 karat gold (also called 999 gold).
2025-09-25 21:03:33 [main] INFO  Reusable.Utilities - Current Date: 
2025-09-25 21:37:35 [main] INFO  Reusable.Utilities - Gold Price: The price of gold in India today is ₹11,444 per gram for 24 karat gold, ₹10,490 per gram for 22 karat gold and ₹8,583 per gram for 18 karat gold (also called 999 gold).
2025-09-25 21:37:35 [main] INFO  Reusable.Utilities - Current Date: 

2025-09-26 13:25:15 [main] INFO  Reusable.Utilities - Gold Price: The price of gold in India today is ₹11,488 per gram for 24 karat gold, ₹10,530 per gram for 22 karat gold and ₹8,616 per gram for 18 karat gold (also called 999 gold).
2025-09-26 13:25:15 [main] INFO  Reusable.Utilities - Current Date: 
2025-09-26 14:25:48 [main] INFO  Reusable.Utilities - Gold Price: The price of gold in India today is ₹11,488 per gram for 24 karat gold, ₹10,530 per gram for 22 karat gold and ₹8,616 per gram for 18 karat gold (also called 999 gold).
2025-09-26 14:25:48 [main] INFO  Reusable.Utilities - Current Date: 
2025-09-26 14:27:59 [main] INFO  Reusable.Utilities - Gold Price: The price of gold in India today is ₹11,488 per gram for 24 karat gold, ₹10,530 per gram for 22 karat gold and ₹8,616 per gram for 18 karat gold (also called 999 gold).
2025-09-26 14:27:59 [main] INFO  Reusable.Utilities - Current Date: 
2025-09-26 14:33:02 [main] INFO  Reusable.Utilities - Gold Price: The price of gold in India today is ₹11,488 per gram for 24 karat gold, ₹10,530 per gram for 22 karat gold and ₹8,616 per gram for 18 karat gold (also called 999 gold).
2025-09-26 14:33:02 [main] INFO  Reusable.Utilities - Current Date: 
2025-09-26 14:33:41 [main] INFO  Reusable.Utilities - Gold Price: The price of gold in India today is ₹11,488 per gram for 24 karat gold, ₹10,530 per gram for 22 karat gold and ₹8,616 per gram for 18 karat gold (also called 999 gold).
2025-09-26 14:33:41 [main] INFO  Reusable.Utilities - Current Date: 
2025-09-26 14:34:19 [main] INFO  Reusable.Utilities - Gold Price: The price of gold in India today is ₹11,488 per gram for 24 karat gold, ₹10,530 per gram for 22 karat gold and ₹8,616 per gram for 18 karat gold (also called 999 gold).
2025-09-26 14:34:19 [main] INFO  Reusable.Utilities - Current Date: 

2025-09-26 12:26:45 [main] INFO  Reusable.Utilities - Gold Price: The price of gold in India today is ₹11,488 per gram for 24 karat gold, ₹10,530 per gram for 22 karat gold and ₹8,616 per gram for 18 karat gold (also called 999 gold).
2025-09-26 12:26:45 [main] INFO  Reusable.Utilities - Current Date: 
2025-09-26 12:51:03 [main] INFO  Reusable.Utilities - Gold Price: The price of gold in India today is ₹11,488 per gram for 24 karat gold, ₹10,530 per gram for 22 karat gold and ₹8,616 per gram for 18 karat gold (also called 999 gold).
2025-09-26 12:51:03 [main] INFO  Reusable.Utilities - Current Date: 

2025-10-23 20:52:42 [main] INFO  Reusable.Utilities - Gold Price: The price of gold in India today is ₹12,508 per gram for 24 karat gold, ₹11,465 per gram for 22 karat gold and ₹9,381 per gram for 18 karat gold (also called 999 gold).
2025-10-23 20:52:42 [main] INFO  Reusable.Utilities - Current Date: 23-10-2025
2025-10-23 20:56:20 [main] INFO  Reusable.Utilities - Gold Price: The price of gold in India today is ₹12,508 per gram for 24 karat gold, ₹11,465 per gram for 22 karat gold and ₹9,381 per gram for 18 karat gold (also called 999 gold).
2025-10-23 20:56:20 [main] INFO  Reusable.Utilities - Current Date: 23-10-2025
2025-10-23 20:57:32 [main] INFO  Reusable.Utilities - Share News: Based on the corporate and stock market news for Indian stocks today, October 23, 2025, here are 5 key corporate news highlights:
Infosys Buyback Details: Infosys announced details of its largest-ever ₹18,000 crore share buyback program. The news, along with promoters reportedly opting not to participate, fueled a rally in the stock, which was a top gainer on the Sensex, rising over 3%.
Q2 Earnings Announcements:
Colgate Palmolive (India): Reported its Q2 FY26 results, with profit dropping 17% to ₹327.5 crore, and the company also declared a dividend.
Hindustan Unilever (HUL): HUL's shares rose after the company posted its Q2 results (though specific profit details were not in the top snippet, the market reacted positively).
Other major results expected today included Laurus Labs, Andhra Cements, and Sagar Cements.
Tata Motors Restructuring: Tata Motors is set to be renamed to Tata Motors Passenger Vehicles (TMPV) from October 24, completing the demerger process that splits its commercial and passenger vehicle divisions into independent listed entities.
EPack Prefab Technologies Bulk Deal: The smallcap stock surged, hitting a 52-week high, after Bank of America (BofA) purchased over 5.62 lakh shares worth ₹13 crore via a bulk deal.
The stock closed with significant gains.
Board Meeting/Corporate Action Updates:
Federal Bank: Clarified that no decision has been made on a preferential issue; fundraising options are to be evaluated on October 24.
LTIMindtree: Announced the resignation of Nachiket Deshpande, Whole-time Director and President, effective October 31.
Kirloskar Ferrous Industries: Received a domestic order worth ₹358 crore from ONGC for supplying tubing and joints.
Market Context: The broader Indian stock market (Sensex and Nifty) traded with volatility but ended marginally higher for the sixth consecutive session.
Initial optimism, largely driven by buzz around a potential India-US trade deal and good corporate earnings, pushed indices to a 52-week high, with the Nifty briefly crossing the 26,000 mark.
However, profit-taking and global cues (like US sanctions on Russian oil firms) erased most of the intraday gains.
IT stocks led the rally.
2025-10-23 20:57:32 [main] INFO  Reusable.Utilities - Current Date: 23-10-2025
2025-10-23 20:59:54 [main] INFO  Reusable.Utilities - Gold Price: The price of gold in India today is ₹12,508 per gram for 24 karat gold, ₹11,465 per gram for 22 karat gold and ₹9,381 per gram for 18 karat gold (also called 999 gold).
2025-10-23 20:59:54 [main] INFO  Reusable.Utilities - Current Date: 23-10-2025
2025-10-23 21:01:05 [main] INFO  Reusable.Utilities - Share News: Based on the corporate and stock market news for Indian stocks today, October 23, 2025, here are 5 key highlights:
Infosys Share Buyback & IT Sector Rally:
Infosys shares surged over 3.9% after the company announced details of its largest-ever ₹18,000 crore share buyback program. A tax tweak related to the buyback is also expected to tilt it in favour of retail and mutual fund investors.
The broader IT sector was the top-performing index, with major gains in HCL Technologies and Tata Consultancy Services (TCS), driven by the Infosys news and a general optimism regarding US-India trade talks (beneficial for export-oriented sectors).
Colgate-Palmolive (India) Q2 Results:
The company announced its Second Quarter (Q2 FY26) results, reporting that its profit dropped by 17% to ₹327.5 crore.
Despite the profit decline, Colgate-Palmolive declared a dividend of ₹24 per share.
Defence Procurement & Sector Focus:
The Centre approved procurement proposals worth ₹79,000 crore for the armed forces, giving a potential boost to Indian Defence sector stocks.
Tata Motors Passenger Vehicles Sales Milestone:
Tata Motors Passenger Vehicles Ltd announced that it delivered over 1 lakh vehicles in the 30-day period from Navratri to Diwali, marking a 33% growth over the same period last year, led by strong SUV and Electric Vehicle (EV) sales.
SEBI Action:
The Securities and Exchange Board of India (SEBI) banned First Overseas Capital from taking new mandates for two years and imposed a ₹20 lakh penalty for multiple violations, including providing false information.
2025-10-23 21:01:05 [main] INFO  Reusable.Utilities - Current Date: 23-10-2025
2025-10-23 21:03:16 [main] INFO  Reusable.Utilities - Gold Price: The price of gold in India today is ₹12,508 per gram for 24 karat gold, ₹11,465 per gram for 22 karat gold and ₹9,381 per gram for 18 karat gold (also called 999 gold).
2025-10-23 21:03:16 [main] INFO  Reusable.Utilities - Current Date: 23-10-2025
2025-10-23 21:06:37 [main] INFO  Reusable.Utilities - Gold Price: The price of gold in India today is ₹12,508 per gram for 24 karat gold, ₹11,465 per gram for 22 karat gold and ₹9,381 per gram for 18 karat gold (also called 999 gold).
2025-10-23 21:06:37 [main] INFO  Reusable.Utilities - Current Date: 23-10-2025
2025-10-23 21:17:40 [main] INFO  Reusable.Utilities - Gold Price: The price of gold in India today is ₹12,508 per gram for 24 karat gold, ₹11,465 per gram for 22 karat gold and ₹9,381 per gram for 18 karat gold (also called 999 gold).
2025-10-23 21:17:40 [main] INFO  Reusable.Utilities - Current Date: 23-10-2025
2025-10-23 21:19:52 [main] INFO  Reusable.Utilities - Share News: Based on corporate news and market movements today (October 23, 2025) for Indian stocks, here are 5 key highlights:
IT Stocks Surge, Led by Infosys:
IT stocks were among the top performers, driven by optimism surrounding a potential US-India trade deal and a generally positive market sentiment.
Infosys was the top Sensex gainer, jumping nearly 4% after the company announced details of its largest-ever ₹18,000 crore share buyback program.
HCL Technologies and TCS also saw strong gains.
Key Q2 Earnings Announcements:
Several major companies reported their financial results for the second quarter (Q2 FY26):
Colgate-Palmolive (India): Reported a drop in profit (around 17%) to ₹327.5 crore, but also declared a dividend.
Hindustan Unilever (HUL): The stock was in focus as the company announced its Q2 results, which are keenly watched for consumer demand trends.
Laurus Labs: Announced Q2 results, with profit reportedly surging by a significant margin.
Defence Sector Boost:
The Centre approved procurement proposals worth approximately ₹79,000 crore for the armed forces, which is a major positive cue for Indian defence sector stocks like Bharat Electronics (BEL) and others.
Major Contract Wins:
Bharat Electronics (BEL) secured a major defence contract deal from Cochin Shipyard valued at around ₹630 crore.
Kirloskar Ferrous Industries (KFIL) won a significant supply deal from ONGC for tubing and associated goods, valued at approximately ₹360 crore.
Gulshan Polyols bagged large ethanol supply contracts for Oil Marketing Companies (OMCs) under the Ethanol Blended Petrol Programme, valued at an estimated ₹1,185 crore.
Tata Motors Demerger:
The stock was in focus ahead of the renaming of Tata Motors to Tata Motors Passenger Vehicles (TMPV) from October 24, marking the completion of its demerger process to split its commercial and passenger vehicle divisions into separate listed entities.
The company also reported strong festive season sales.
Disclaimer: This is based on news reports and is not investment advice.
2025-10-23 21:19:52 [main] INFO  Reusable.Utilities - Current Date: 23-10-2025
2025-10-24 12:39:13 [main] INFO  Reusable.Utilities - Gold Price: The price of gold in India today is ₹12,546 per gram for 24 karat gold, ₹11,500 per gram for 22 karat gold and ₹9,409 per gram for 18 karat gold (also called 999 gold).
2025-10-24 12:39:13 [main] INFO  Reusable.Utilities - Current Date: 24-10-2025
2025-10-24 13:31:48 [main] INFO  Reusable.Utilities - Gold Price: The price of gold in India today is ₹12,546 per gram for 24 karat gold, ₹11,500 per gram for 22 karat gold and ₹9,409 per gram for 18 karat gold (also called 999 gold).
2025-10-24 13:31:48 [main] INFO  Reusable.Utilities - Current Date: 24-10-2025
2025-10-24 13:34:16 [main] INFO  Reusable.Utilities - Share News: Based on the corporate and stock market news for Indian stocks today, October 24, 2025, here are 5 key corporate developments or themes:
Q2 Earnings Announcements Drive Stock-Specific Action:
A significant number of companies, including heavyweights like Aditya Birla Sun Life AMC, Coforge, Dr Reddy's Laboratories, ITC Hotels, SBI Cards and Payment Services, and SBI Life Insurance, are scheduled to announce their Q2 FY26 results today, which will be a major market driver.
PTC India Financial Services shares rallied significantly (over 15%) following a strong Q2 FY26 report, which highlighted improved disbursements and asset quality.
South India Paper Mills stock jumped 20% after reporting a return to profitability and a rise in revenue for Q2 FY26.
Defence Stocks in Focus on New Projects:
Shares in the defence sector are under the spotlight as the Defence Acquisition Council (DAC) approved proposals worth approximately Rs 79,000 crore.
Key projects include the Nag Missile System (Tracked) Mk-II and Ground-Based Mobile ELINT System, signaling potential order book growth for defence companies.
Cipla's Distribution Agreement:
Cipla entered an agreement with Eli Lilly and Company (India) to distribute and promote the drug tirzepatide (under the brand name Yurpeak) in India, expanding treatment options for diabetes patients in the country.
Caplin Point's USFDA Approval:
Caplin Point Laboratories' subsidiary, Caplin Steriles, received final approval from the US Food and Drug Administration (USFDA) for its generic nicardipine hydrochloride injection, used for managing high blood pressure during surgery.
Strategic Acquisitions and Business Outlook:
Premier Energies announced plans to acquire a 51% stake in KSolare Energy Pvt Ltd for about Rs 86.7 crore.
Laurus Labs provided a positive business outlook for FY2026, projecting revenue growth driven primarily by its Contract Development and Manufacturing Organisation (CDMO) business.
This list is compiled from news reports published on the morning of October 24, 2025, and focuses on company-specific announcements and themes directly impacting Indian stocks.
2025-10-24 13:34:16 [main] INFO  Reusable.Utilities - Current Date: 24-10-2025
2025-10-24 13:42:01 [main] INFO  Reusable.Utilities - Gold Price: The price of gold in India today is ₹12,546 per gram for 24 karat gold, ₹11,500 per gram for 22 karat gold and ₹9,409 per gram for 18 karat gold (also called 999 gold).
2025-10-24 13:42:01 [main] INFO  Reusable.Utilities - Current Date: 24-10-2025
2025-10-24 13:44:30 [main] INFO  Reusable.Utilities - Share News: It is Friday, October 24, 2025.
Here are some of the top corporate news and updates impacting Indian stocks today:
🌟 Top 5 Corporate News & Updates (October 24, 2025)
Q2 Earnings Reports in Focus:
A busy day for earnings with key results scheduled from major companies including SBI Life Insurance, Dr Reddy's Laboratories, SBI Cards and Payment Services, Coforge, and ITC Hotels.
Quarterly results often drive significant stock movement.
Kotak Mahindra Bank Q2 Preview suggests a focus on the bank's Pat (Profit After Tax) being largely flat due to NIM (Net Interest Margin) compression and margin pressure.
L&T Secures Major Orders:
Larsen & Toubro's (L&T) Minerals & Metals business vertical has secured significant orders from Hindalco for an Aluminium Smelter and Gas Treatment Centre in Odisha, and from TATA Steel for a Coke Oven Battery in Jamshedpur.
This strengthens L&T's position in the industrial infrastructure space.
Cipla's Distribution Agreement:
Cipla has entered into an agreement with Eli Lilly to distribute the drug Tirzepatide (used for Type-2 diabetes and obesity) in India under the brand name Yurpeak.
Tata Motors Demerger:
Tata Motors has officially completed its split into two companies: Tata Motors Passenger Vehicles Ltd (TMPV) and a new commercial vehicle entity, TMLCV.
Shareholders will receive one TMLCV share for every Tata Motors share held.
The move is aimed at improving operational efficiency and unlocking value.
Merger & Acquisition Activity in Focus:
The Indian financial sector continues to see M&A activity.
Syrma SGS has signed an agreement to acquire KSolare Energy from Premier Energies for ₹170 crore to boost its renewable energy portfolio.
Recent large cross-border deals in the financial sector have been highlighted, including Emirates NBD's planned acquisition of a stake in RBL Bank and Blackstone's investment in Federal Bank.
📈 Market Context
Indian equity benchmarks, Nifty 50 and BSE Sensex, are trading on a muted/flat note in early trade today, following mixed global cues and profit booking after a recent rally that saw the indices hit 52-week highs.
Foreign Institutional Investors (FIIs) were net sellers on Thursday, while Domestic Institutional Investors (DIIs) were net purchasers.
Hindustan Unilever (HUL) and HDFC Bank were noted as early laggards in the Sensex basket.
Would you like to check the latest stock price movements for any of these specific companies?
2025-10-24 13:44:30 [main] INFO  Reusable.Utilities - Current Date: 24-10-2025
2025-10-24 14:25:06 [main] INFO  Reusable.Utilities - Gold Price: The price of gold in India today is ₹12,546 per gram for 24 karat gold, ₹11,500 per gram for 22 karat gold and ₹9,409 per gram for 18 karat gold (also called 999 gold).
2025-10-24 14:25:06 [main] INFO  Reusable.Utilities - Current Date: 24-10-2025
2025-10-24 17:22:41 [main] INFO  Reusable.Utilities - Share News: Based on the latest reports for Indian stocks (specifically covering announcements and movements from October 24, 2025), here are the top 5 pieces of corporate-related news influencing the market:
FMCG Stocks Decline on Earnings/GST Impact:
Hindustan Unilever (HUL) share price dropped after its Q2 FY26 results.
The stock was hit by cautious commentary and the fallout of a GST rate change, which shifted nearly 40% of its portfolio to a higher tax slab, necessitating price and grammage adjustments.
Colgate-Palmolive (India) shares also fell sharply (around 3.8%) after the company posted a decline in Q2 profit. The revenue and profit were impacted by a GST rate reduction on the entire oral care portfolio (from 18% to 5%).
Defence Stocks Maintain Rally:
Defence sector stocks continued their upward momentum, fueled by a positive outlook and sector-specific announcements.
The Defence Acquisition Council (DAC) approved proposals worth around ₹79,000 crore for domestic procurement, benefiting companies like Bharat Dynamics (up over 2%), Bharat Electronics, Hindustan Aeronautics, Cochin Shipyard, and Mazagon Dock.
Metals Sector Surge on Global Supply Concerns:
Major metal stocks like NALCO, Hindalco, and Vedanta saw significant gains (3.7% to 5.3%), with Hindalco hitting an all-time high.
This surge was primarily driven by international supply concerns, specifically reports of a major output cut at Century Aluminium's Iceland smelter.
Thyrocare Promoter Stake Sale:
Thyrocare Technologies share price rose after a significant block deal.
Docon, the company's promoter group entity, sold a large stake (53.33 lakh shares) worth approximately ₹667 crore.
The stock held firm following the news, with the company confirming Docon remains a promoter.
Vedanta to Invest ₹1 Lakh Crore in Odisha:
Vedanta Group announced a plan to invest an additional ₹1 lakh crore in Odisha. This major commitment includes setting up a ferro-alloys plant and two new aluminium parks, which is expected to create over one lakh direct and indirect jobs.
2025-10-24 17:22:41 [main] INFO  Reusable.Utilities - Current Date: 24-10-2025
2025-10-24 17:25:58 [main] INFO  Reusable.Utilities - Share News: A snapshot of the top corporate news impacting Indian stocks today, Friday, October 24, 2025, focuses heavily on quarterly earnings reactions, sector-specific momentum, and corporate actions.
Here are 5 key corporate news items:
1. FMCG Sector Under Pressure Post Q2 Results
Hindustan Unilever (HUL): Share price dropped over 3% after announcing its Q2 FY26 results.
The company reported challenges from a GST rate change, which shifted nearly 40% of its portfolio to a higher tax slab, necessitating price and grammage changes.
Weak volumes were noted in the beauty, personal care, and ice-cream segments.
Colgate-Palmolive (India): Its share price fell by 3.8% following a decline in its Q2 profit, as the market was disappointed by the lack of strong signs of volume recovery.
2. Defence Stocks Continue Rally
The entire Defence sector extended its recent rally.
Bharat Dynamics was up over 2%, while Bharat Electronics (BEL) and Hindustan Aeronautics (HAL) each gained close to 1%.
The positive sentiment follows the Defence Acquisition Council (DAC) approving proposals worth around ₹79,000 crore for key projects, including the Nag Missile System and High Mobility Vehicles.
3. IT Company Coforge Reports Strong Q2 Earnings
Coforge Limited announced robust Q2 financial results, with revenue increasing by 31.7% year-on-year and net profit surging by 86.0%.
The company's order intake for the quarter was strong at $514 million, and the board recommended an interim dividend of ₹4.00 per share.
4. Metal Stocks Surge on Global Supply Concerns
Metal stocks, including NALCO, Hindalco, and Vedanta, were trading strong.
Hindalco climbed 4.3% to an all-time high.
The surge followed a rise in global aluminum prices (trading at a high on the London Metal Exchange) due to reports of a major output cut at an Iceland smelter, raising supply concerns.
5. Promoter Stake Sale in Thyrocare Technologies
Thyrocare Technologies saw its share price rise after a major promoter transaction.
Docon, a promoter group entity, sold 53.33 lakh shares (approximately ₹667 crore) in a block deal.
Despite the stake cut, the company clarified that Docon remains a promoter, and the stock held firm, reflecting sustained market interest.
Disclaimer: The Indian stock markets closed in the red today after a six-day winning streak, largely due to profit-booking in FMCG and banking shares.
The movements of individual stocks are a mix of earnings impact, global cues, and sector-specific news.
These points reflect the most significant corporate announcements and market movers of the day.
Would you like a deeper dive into the Q2 results of any specific company, like HUL or Coforge?
2025-10-24 17:25:58 [main] INFO  Reusable.Utilities - Current Date: 24-10-2025
2025-10-24 17:57:30 [main] INFO  Reusable.Utilities - Share News: Based on the latest reports and corporate actions today, October 24, 2025, here are the top 5 corporate news items for Indian stocks:
Hindustan Unilever (HUL) Stock Decline Post-Q2 Results: HUL's share price dropped over 3% after announcing its Q2 FY26 results.
The results showed a hit, partly due to a GST rate change that affected nearly 40% of its portfolio.
While home care volumes saw modest growth, the beauty, personal care, and ice-cream segments were reported as weak.
Cipla's New Diabetes & Obesity Drug Distribution Deal: Cipla has entered into an agreement with Eli Lilly and Company (India) to distribute and promote the drug Tirzepatide (used for Type-2 diabetes and obesity) in India under the brand name Yurpeak.
Defence Stocks Maintain Rally: Defence sector stocks continued their upward momentum following a Defence Acquisition Council (DAC) approval of proposals worth around Rs 79,000 crore.
Key gainers included Bharat Dynamics (up over 2%), Bharat Electronics, and Hindustan Aeronautics.
ITC Hotels Q2 Results: ITC Hotels announced strong financial results, with its Q2 Profit After Tax (PAT) soaring 74% year-on-year (YoY) to Rs 133 crore, and revenue rising by 8%.
Syrma SGS & Premier Energies Acquisition: Syrma SGS Technologies signed an agreement with Premier Energies to acquire KSolare Energy for ₹170 crore.
Separately, Premier Energies announced plans to acquire a 51% stake in KSolare Energy, with Syrma SGS picking up the remaining 49%. This move is aimed at strengthening their renewable energy portfolios.
Disclaimer: This is not investment advice. Stock prices and market sentiment can change rapidly.
2025-10-24 17:57:30 [main] INFO  Reusable.Utilities - Current Date: 24-10-2025
